0 info it worked if it ends with ok
1 verbose cli [ '/usr/bin/node',
1 verbose cli   '/usr/bin/npm',
1 verbose cli   'uninstall',
1 verbose cli   'node-mandrill',
1 verbose cli   '--save' ]
2 info using npm@1.4.28
3 info using node@v0.10.38
4 verbose node symlink /usr/bin/node
5 verbose node_modules/node-mandrill unbuild
6 info preuninstall node-mandrill@1.0.1
7 info uninstall node-mandrill@1.0.1
8 verbose true,/home/fsilva/Development/Projects/arc-getting-started/node_modules,/home/fsilva/Development/Projects/arc-getting-started/node_modules unbuild node-mandrill@1.0.1
9 info postuninstall node-mandrill@1.0.1
10 error Error: EACCES, unlink '/home/fsilva/Development/Projects/arc-getting-started/node_modules/node-mandrill/node_modules/request/node_modules/.bin/har-validator'
10 error  { [Error: EACCES, unlink '/home/fsilva/Development/Projects/arc-getting-started/node_modules/node-mandrill/node_modules/request/node_modules/.bin/har-validator']
10 error   errno: 3,
10 error   code: 'EACCES',
10 error   path: '/home/fsilva/Development/Projects/arc-getting-started/node_modules/node-mandrill/node_modules/request/node_modules/.bin/har-validator' }
11 error Please try running this command again as root/Administrator.
12 error System Linux 3.13.0-48-generic
13 error command "/usr/bin/node" "/usr/bin/npm" "uninstall" "node-mandrill" "--save"
14 error cwd /home/fsilva/Development/Projects/arc-getting-started
15 error node -v v0.10.38
16 error npm -v 1.4.28
17 error path /home/fsilva/Development/Projects/arc-getting-started/node_modules/node-mandrill/node_modules/request/node_modules/.bin/har-validator
18 error code EACCES
19 error errno 3
20 error stack Error: EACCES, unlink '/home/fsilva/Development/Projects/arc-getting-started/node_modules/node-mandrill/node_modules/request/node_modules/.bin/har-validator'
21 verbose exit [ 3, true ]
